CleanandShowTauAZ_TauWWisZero                 18-Aug-2016 
 
  <strong>CleanandShowTauAZ</strong>  
 
  After running EstimateTauZ2.m to get the TauH, TauW, Z etc
  this program cleans the data up and shows/plots it.
 
  Also does the following:
 
   - shows output w*H in each occupation and labor earnings (1-tauw)*w*H.
   - computes GDP and growth rates
   - computes revenue from TauW and TauH
 
  Also recovers the A(i,t) from the wages, Hit, and production function.
  Specifically, from the labor demand FOC from firms:
 
     A(i,t) = [ w(i,t)^sigma H(i,t) / Y(t) ]^(1/(sigma-1))
 
  Creates the "TalentData" data set used in later programs.

 
=============================================================
KEY PARAMETER VALUES:    CaseName = TauWWisZero
             theta =  2.1200
               eta =  0.1030
      theta*(1-eta)=  1.9016
                mu =  0.5259
             sigma =  3.0000
      LFPMinFactor =  0.5000
     ConstrainTauH = -0.8000
     NumHomeDraws  =      100000
 OccupationtoIdentifyPhi = 42 Farm Work                                 
         phi(Farm) =  0.9984 1.1759 1.3030 1.4251 1.4463 1.3774 
   WeightPigMiddle =  0.2500
 
********************************************************
NOTE WELL: WW and WM are *swtiched* in everything that follows
   in order to check robustness to assuming tau(WW)=0 as our
   normalization
********************************************************
 
=============================================================
 
 
 
--------------------------------------------------------------------------------------------------
                          >>>>> White Men <<<<<
--------------------------------------------------------------------------------------------------
 
--------------
    TauHat      
--------------
 
                   1960    1970    1980    1990    2000    2010
---------------------------------------------------------------
Home                NaN     NaN     NaN     NaN     NaN     NaN
Managers          1.000   1.000   1.000   1.000   1.000   1.000
MgmtRelated       1.000   1.000   1.000   1.000   1.000   1.000
Architects        1.000   1.000   1.000   1.000   1.000   1.000
Engineers         1.000   1.000   1.000   1.000   1.000   1.000
Math/CompSci      1.000   1.000   1.000   1.000   1.000   1.000
Science           1.000   1.000   1.000   1.000   1.000   1.000
Doctors           1.000   1.000   1.000   1.000   1.000   1.000
Nurses            1.000   1.000   1.000   1.000   1.000   1.000
Therapists        1.000   1.000   1.000   1.000   1.000   1.000
Professors        1.000   1.000   1.000   1.000   1.000   1.000
Teachers          1.000   1.000   1.000   1.000   1.000   1.000
Librarians        1.000   1.000   1.000   1.000   1.000   1.000
Soc.Scientists    1.000   1.000   1.000   1.000   1.000   1.000
SocialWork        1.000   1.000   1.000   1.000   1.000   1.000
Lawyers           1.000   1.000   1.000   1.000   1.000   1.000
Arts/Athletes     1.000   1.000   1.000   1.000   1.000   1.000
HealthTechs       1.000   1.000   1.000   1.000   1.000   1.000
Eng.Techs         1.000   1.000   1.000   1.000   1.000   1.000
ScienceTechs      1.000   1.000   1.000   1.000   1.000   1.000
OtherTechs        1.000   1.000   1.000   1.000   1.000   1.000
Sales             1.000   1.000   1.000   1.000   1.000   1.000
Secretaries       1.000   1.000   1.000   1.000   1.000   1.000
Info.Clerks       1.000   1.000   1.000   1.000   1.000   1.000
Records           1.000   1.000   1.000   1.000   1.000   1.000
FinancialClerk    1.000   1.000   1.000   1.000   1.000   1.000
OfficeMachine     1.000   1.000   1.000   1.000   1.000   1.000
ComputerTech      1.000   1.000   1.000   1.000   1.000   1.000
Mail              1.000   1.000   1.000   1.000   1.000   1.000
Clerks            1.000   1.000   1.000   1.000   1.000   1.000
Insurance         1.000   1.000   1.000   1.000   1.000   1.000
Misc.Admin        1.000   1.000   1.000   1.000   1.000   1.000
PrivateHshld      1.000   1.000   1.000   1.000   1.000   1.000
Firefighting      1.000   1.000   1.000   1.000   1.000   1.000
Police            1.000   1.000   1.000   1.000   1.000   1.000
Guards            1.000   1.000   1.000   1.000   1.000   1.000
FoodPrep          1.000   1.000   1.000   1.000   1.000   1.000
HealthService     1.000   1.000   1.000   1.000   1.000   1.000
Cleaning          1.000   1.000   1.000   1.000   1.000   1.000
PersonalService   1.000   1.000   1.000   1.000   1.000   1.000
FarmMgrs          1.000   1.000   1.000   1.000   1.000   1.000
FarmWork          1.000   1.000   1.000   1.000   1.000   1.000
Agriculture       1.000   1.000   1.000   1.000   1.000   1.000
Forest            1.000   1.000   1.000   1.000   1.000   1.000
Mechanics         1.000   1.000   1.000   1.000   1.000   1.000
Elec.Repairer     1.000   1.000   1.000   1.000   1.000   1.000
Misc.Repairer     1.000   1.000   1.000   1.000   1.000   1.000
Construction      1.000   1.000   1.000   1.000   1.000   1.000
Extractive        1.000   1.000   1.000   1.000   1.000   1.000
Supervisor(P)     1.000   1.000   1.000   1.000   1.000   1.000
MetalWork         1.000   1.000   1.000   1.000   1.000   1.000
WoodWork          1.000   1.000   1.000   1.000   1.000   1.000
Textiles          1.000   1.000   1.000   1.000   1.000   1.000
Other             1.000   1.000   1.000   1.000   1.000   1.000
Food              1.000   1.000   1.000   1.000   1.000   1.000
PlantOperator     1.000   1.000   1.000   1.000   1.000   1.000
MetalMach.        1.000   1.000   1.000   1.000   1.000   1.000
MetalProc.        1.000   1.000   1.000   1.000   1.000   1.000
WoodMach.         1.000   1.000   1.000   1.000   1.000   1.000
TextileMach.      1.000   1.000   1.000   1.000   1.000   1.000
PrintMach.        1.000   1.000   1.000   1.000   1.000   1.000
OtherMach.        1.000   1.000   1.000   1.000   1.000   1.000
Fabricators       1.000   1.000   1.000   1.000   1.000   1.000
Prod.Inspectors   1.000   1.000   1.000   1.000   1.000   1.000
MotorVehicle      1.000   1.000   1.000   1.000   1.000   1.000
OtherVehicle      1.000   1.000   1.000   1.000   1.000   1.000
Freight           1.000   1.000   1.000   1.000   1.000   1.000
 
Mean             1.000   1.000   1.000   1.000   1.000   1.000
Std Dev          0.000   0.000   0.000   0.000   0.000   0.000
Mean(weighted)   1.000   1.000   1.000   1.000   1.000   1.000
Std Dev(wghtd)   0.000   0.000   0.000   0.000   0.000   0.000
 
--------------
    TauW      
--------------
 
                   1960    1970    1980    1990    2000    2010
---------------------------------------------------------------
Home              0.000   0.000   0.000   0.000   0.000   0.000
Managers          0.000   0.000   0.000   0.000   0.000   0.000
MgmtRelated       0.000   0.000   0.000   0.000   0.000   0.000
Architects        0.000   0.000   0.000   0.000   0.000   0.000
Engineers         0.000   0.000   0.000   0.000   0.000   0.000
Math/CompSci      0.000   0.000   0.000   0.000   0.000   0.000
Science           0.000   0.000   0.000   0.000   0.000   0.000
Doctors           0.000   0.000   0.000   0.000   0.000   0.000
Nurses            0.000   0.000   0.000   0.000   0.000   0.000
Therapists        0.000   0.000   0.000   0.000   0.000   0.000
Professors        0.000   0.000   0.000   0.000   0.000   0.000
Teachers          0.000   0.000   0.000   0.000   0.000   0.000
Librarians        0.000   0.000   0.000   0.000   0.000   0.000
Soc.Scientists    0.000   0.000   0.000   0.000   0.000   0.000
SocialWork        0.000   0.000   0.000   0.000   0.000   0.000
Lawyers           0.000   0.000   0.000   0.000   0.000   0.000
Arts/Athletes     0.000   0.000   0.000   0.000   0.000   0.000
HealthTechs       0.000   0.000   0.000   0.000   0.000   0.000
Eng.Techs         0.000   0.000   0.000   0.000   0.000   0.000
ScienceTechs      0.000   0.000   0.000   0.000   0.000   0.000
OtherTechs        0.000   0.000   0.000   0.000   0.000   0.000
Sales             0.000   0.000   0.000   0.000   0.000   0.000
Secretaries       0.000   0.000   0.000   0.000   0.000   0.000
Info.Clerks       0.000   0.000   0.000   0.000   0.000   0.000
Records           0.000   0.000   0.000   0.000   0.000   0.000
FinancialClerk    0.000   0.000   0.000   0.000   0.000   0.000
OfficeMachine     0.000   0.000   0.000   0.000   0.000   0.000
ComputerTech      0.000   0.000   0.000   0.000   0.000   0.000
Mail              0.000   0.000   0.000   0.000   0.000   0.000
Clerks            0.000   0.000   0.000   0.000   0.000   0.000
Insurance         0.000   0.000   0.000   0.000   0.000   0.000
Misc.Admin        0.000   0.000   0.000   0.000   0.000   0.000
PrivateHshld      0.000   0.000   0.000   0.000   0.000   0.000
Firefighting      0.000   0.000   0.000   0.000   0.000   0.000
Police            0.000   0.000   0.000   0.000   0.000   0.000
Guards            0.000   0.000   0.000   0.000   0.000   0.000
FoodPrep          0.000   0.000   0.000   0.000   0.000   0.000
HealthService     0.000   0.000   0.000   0.000   0.000   0.000
Cleaning          0.000   0.000   0.000   0.000   0.000   0.000
PersonalService   0.000   0.000   0.000   0.000   0.000   0.000
FarmMgrs          0.000   0.000   0.000   0.000   0.000   0.000
FarmWork          0.000   0.000   0.000   0.000   0.000   0.000
Agriculture       0.000   0.000   0.000   0.000   0.000   0.000
Forest            0.000   0.000   0.000   0.000   0.000   0.000
Mechanics         0.000   0.000   0.000   0.000   0.000   0.000
Elec.Repairer     0.000   0.000   0.000   0.000   0.000   0.000
Misc.Repairer     0.000   0.000   0.000   0.000   0.000   0.000
Construction      0.000   0.000   0.000   0.000   0.000   0.000
Extractive        0.000   0.000   0.000   0.000   0.000   0.000
Supervisor(P)     0.000   0.000   0.000   0.000   0.000   0.000
MetalWork         0.000   0.000   0.000   0.000   0.000   0.000
WoodWork          0.000   0.000   0.000   0.000   0.000   0.000
Textiles          0.000   0.000   0.000   0.000   0.000   0.000
Other             0.000   0.000   0.000   0.000   0.000   0.000
Food              0.000   0.000   0.000   0.000   0.000   0.000
PlantOperator     0.000   0.000   0.000   0.000   0.000   0.000
MetalMach.        0.000   0.000   0.000   0.000   0.000   0.000
MetalProc.        0.000   0.000   0.000   0.000   0.000   0.000
WoodMach.         0.000   0.000   0.000   0.000   0.000   0.000
TextileMach.      0.000   0.000   0.000   0.000   0.000   0.000
PrintMach.        0.000   0.000   0.000   0.000   0.000   0.000
OtherMach.        0.000   0.000   0.000   0.000   0.000   0.000
Fabricators       0.000   0.000   0.000   0.000   0.000   0.000
Prod.Inspectors   0.000   0.000   0.000   0.000   0.000   0.000
MotorVehicle      0.000   0.000   0.000   0.000   0.000   0.000
OtherVehicle      0.000   0.000   0.000   0.000   0.000   0.000
Freight           0.000   0.000   0.000   0.000   0.000   0.000
 
Mean             0.000   0.000   0.000   0.000   0.000   0.000
Std Dev          0.000   0.000   0.000   0.000   0.000   0.000
Mean(weighted)   0.000   0.000   0.000   0.000   0.000   0.000
Std Dev(wghtd)   0.000   0.000   0.000   0.000   0.000   0.000
 
--------------
    TauH      
--------------
 
                   1940    1950    1960    1970    1980    1990    2000    2010
-------------------------------------------------------------------------------
Home              0.000   0.000   0.000   0.000   0.000   0.000   0.000   0.000
Managers          0.000   0.000   0.000   0.000   0.000   0.000   0.000   0.000
MgmtRelated       0.000   0.000   0.000   0.000   0.000   0.000   0.000   0.000
Architects        0.000   0.000   0.000   0.000   0.000   0.000   0.000   0.000
Engineers         0.000   0.000   0.000   0.000   0.000   0.000   0.000   0.000
Math/CompSci      0.000   0.000   0.000   0.000   0.000   0.000   0.000   0.000
Science           0.000   0.000   0.000   0.000   0.000   0.000   0.000   0.000
Doctors           0.000   0.000   0.000   0.000   0.000   0.000   0.000   0.000
Nurses            0.000   0.000   0.000   0.000   0.000   0.000   0.000   0.000
Therapists        0.000   0.000   0.000   0.000   0.000   0.000   0.000   0.000
Professors        0.000   0.000   0.000   0.000   0.000   0.000   0.000   0.000
Teachers          0.000   0.000   0.000   0.000   0.000   0.000   0.000   0.000
Librarians        0.000   0.000   0.000   0.000   0.000   0.000   0.000   0.000
Soc.Scientists    0.000   0.000   0.000   0.000   0.000   0.000   0.000   0.000
SocialWork        0.000   0.000   0.000   0.000   0.000   0.000   0.000   0.000
Lawyers           0.000   0.000   0.000   0.000   0.000   0.000   0.000   0.000
Arts/Athletes     0.000   0.000   0.000   0.000   0.000   0.000   0.000   0.000
HealthTechs       0.000   0.000   0.000   0.000   0.000   0.000   0.000   0.000
Eng.Techs         0.000   0.000   0.000   0.000   0.000   0.000   0.000   0.000
ScienceTechs      0.000   0.000   0.000   0.000   0.000   0.000   0.000   0.000
OtherTechs        0.000   0.000   0.000   0.000   0.000   0.000   0.000   0.000
Sales             0.000   0.000   0.000   0.000   0.000   0.000   0.000   0.000
Secretaries       0.000   0.000   0.000   0.000   0.000   0.000   0.000   0.000
Info.Clerks       0.000   0.000   0.000   0.000   0.000   0.000   0.000   0.000
Records           0.000   0.000   0.000   0.000   0.000   0.000   0.000   0.000
FinancialClerk    0.000   0.000   0.000   0.000   0.000   0.000   0.000   0.000
OfficeMachine     0.000   0.000   0.000   0.000   0.000   0.000   0.000   0.000
ComputerTech      0.000   0.000   0.000   0.000   0.000   0.000   0.000   0.000
Mail              0.000   0.000   0.000   0.000   0.000   0.000   0.000   0.000
Clerks            0.000   0.000   0.000   0.000   0.000   0.000   0.000   0.000
Insurance         0.000   0.000   0.000   0.000   0.000   0.000   0.000   0.000
Misc.Admin        0.000   0.000   0.000   0.000   0.000   0.000   0.000   0.000
PrivateHshld      0.000   0.000   0.000   0.000   0.000   0.000   0.000   0.000
Firefighting      0.000   0.000   0.000   0.000   0.000   0.000   0.000   0.000
Police            0.000   0.000   0.000   0.000   0.000   0.000   0.000   0.000
Guards            0.000   0.000   0.000   0.000   0.000   0.000   0.000   0.000
FoodPrep          0.000   0.000   0.000   0.000   0.000   0.000   0.000   0.000
HealthService     0.000   0.000   0.000   0.000   0.000   0.000   0.000   0.000
Cleaning          0.000   0.000   0.000   0.000   0.000   0.000   0.000   0.000
PersonalService   0.000   0.000   0.000   0.000   0.000   0.000   0.000   0.000
FarmMgrs          0.000   0.000   0.000   0.000   0.000   0.000   0.000   0.000
FarmWork          0.000   0.000   0.000   0.000   0.000   0.000   0.000   0.000
Agriculture       0.000   0.000   0.000   0.000   0.000   0.000   0.000   0.000
Forest            0.000   0.000   0.000   0.000   0.000   0.000   0.000   0.000
Mechanics         0.000   0.000   0.000   0.000   0.000   0.000   0.000   0.000
Elec.Repairer     0.000   0.000   0.000   0.000   0.000   0.000   0.000   0.000
Misc.Repairer     0.000   0.000   0.000   0.000   0.000   0.000   0.000   0.000
Construction      0.000   0.000   0.000   0.000   0.000   0.000   0.000   0.000
Extractive        0.000   0.000   0.000   0.000   0.000   0.000   0.000   0.000
Supervisor(P)     0.000   0.000   0.000   0.000   0.000   0.000   0.000   0.000
MetalWork         0.000   0.000   0.000   0.000   0.000   0.000   0.000   0.000
WoodWork          0.000   0.000   0.000   0.000   0.000   0.000   0.000   0.000
Textiles          0.000   0.000   0.000   0.000   0.000   0.000   0.000   0.000
Other             0.000   0.000   0.000   0.000   0.000   0.000   0.000   0.000
Food              0.000   0.000   0.000   0.000   0.000   0.000   0.000   0.000
PlantOperator     0.000   0.000   0.000   0.000   0.000   0.000   0.000   0.000
MetalMach.        0.000   0.000   0.000   0.000   0.000   0.000   0.000   0.000
MetalProc.        0.000   0.000   0.000   0.000   0.000   0.000   0.000   0.000
WoodMach.         0.000   0.000   0.000   0.000   0.000   0.000   0.000   0.000
TextileMach.      0.000   0.000   0.000   0.000   0.000   0.000   0.000   0.000
PrintMach.        0.000   0.000   0.000   0.000   0.000   0.000   0.000   0.000
OtherMach.        0.000   0.000   0.000   0.000   0.000   0.000   0.000   0.000
Fabricators       0.000   0.000   0.000   0.000   0.000   0.000   0.000   0.000
Prod.Inspectors   0.000   0.000   0.000   0.000   0.000   0.000   0.000   0.000
MotorVehicle      0.000   0.000   0.000   0.000   0.000   0.000   0.000   0.000
OtherVehicle      0.000   0.000   0.000   0.000   0.000   0.000   0.000   0.000
Freight           0.000   0.000   0.000   0.000   0.000   0.000   0.000   0.000
 
Mean             0.000   0.000   0.000   0.000   0.000   0.000   0.000   0.000
Std Dev          0.000   0.000   0.000   0.000   0.000   0.000   0.000   0.000
Mean(weighted)     NaN     NaN   0.000   0.000   0.000   0.000   0.000   0.000
Std Dev(wghtd)     NaN     NaN   0.000   0.000   0.000   0.000   0.000   0.000
 
--------------------
    1/(1-TauW)      
--------------------
 
                   1960    1970    1980    1990    2000    2010
---------------------------------------------------------------
Home              1.000   1.000   1.000   1.000   1.000   1.000
Managers          1.000   1.000   1.000   1.000   1.000   1.000
MgmtRelated       1.000   1.000   1.000   1.000   1.000   1.000
Architects        1.000   1.000   1.000   1.000   1.000   1.000
Engineers         1.000   1.000   1.000   1.000   1.000   1.000
Math/CompSci      1.000   1.000   1.000   1.000   1.000   1.000
Science           1.000   1.000   1.000   1.000   1.000   1.000
Doctors           1.000   1.000   1.000   1.000   1.000   1.000
Nurses            1.000   1.000   1.000   1.000   1.000   1.000
Therapists        1.000   1.000   1.000   1.000   1.000   1.000
Professors        1.000   1.000   1.000   1.000   1.000   1.000
Teachers          1.000   1.000   1.000   1.000   1.000   1.000
Librarians        1.000   1.000   1.000   1.000   1.000   1.000
Soc.Scientists    1.000   1.000   1.000   1.000   1.000   1.000
SocialWork        1.000   1.000   1.000   1.000   1.000   1.000
Lawyers           1.000   1.000   1.000   1.000   1.000   1.000
Arts/Athletes     1.000   1.000   1.000   1.000   1.000   1.000
HealthTechs       1.000   1.000   1.000   1.000   1.000   1.000
Eng.Techs         1.000   1.000   1.000   1.000   1.000   1.000
ScienceTechs      1.000   1.000   1.000   1.000   1.000   1.000
OtherTechs        1.000   1.000   1.000   1.000   1.000   1.000
Sales             1.000   1.000   1.000   1.000   1.000   1.000
Secretaries       1.000   1.000   1.000   1.000   1.000   1.000
Info.Clerks       1.000   1.000   1.000   1.000   1.000   1.000
Records           1.000   1.000   1.000   1.000   1.000   1.000
FinancialClerk    1.000   1.000   1.000   1.000   1.000   1.000
OfficeMachine     1.000   1.000   1.000   1.000   1.000   1.000
ComputerTech      1.000   1.000   1.000   1.000   1.000   1.000
Mail              1.000   1.000   1.000   1.000   1.000   1.000
Clerks            1.000   1.000   1.000   1.000   1.000   1.000
Insurance         1.000   1.000   1.000   1.000   1.000   1.000
Misc.Admin        1.000   1.000   1.000   1.000   1.000   1.000
PrivateHshld      1.000   1.000   1.000   1.000   1.000   1.000
Firefighting      1.000   1.000   1.000   1.000   1.000   1.000
Police            1.000   1.000   1.000   1.000   1.000   1.000
Guards            1.000   1.000   1.000   1.000   1.000   1.000
FoodPrep          1.000   1.000   1.000   1.000   1.000   1.000
HealthService     1.000   1.000   1.000   1.000   1.000   1.000
Cleaning          1.000   1.000   1.000   1.000   1.000   1.000
PersonalService   1.000   1.000   1.000   1.000   1.000   1.000
FarmMgrs          1.000   1.000   1.000   1.000   1.000   1.000
FarmWork          1.000   1.000   1.000   1.000   1.000   1.000
Agriculture       1.000   1.000   1.000   1.000   1.000   1.000
Forest            1.000   1.000   1.000   1.000   1.000   1.000
Mechanics         1.000   1.000   1.000   1.000   1.000   1.000
Elec.Repairer     1.000   1.000   1.000   1.000   1.000   1.000
Misc.Repairer     1.000   1.000   1.000   1.000   1.000   1.000
Construction      1.000   1.000   1.000   1.000   1.000   1.000
Extractive        1.000   1.000   1.000   1.000   1.000   1.000
Supervisor(P)     1.000   1.000   1.000   1.000   1.000   1.000
MetalWork         1.000   1.000   1.000   1.000   1.000   1.000
WoodWork          1.000   1.000   1.000   1.000   1.000   1.000
Textiles          1.000   1.000   1.000   1.000   1.000   1.000
Other             1.000   1.000   1.000   1.000   1.000   1.000
Food              1.000   1.000   1.000   1.000   1.000   1.000
PlantOperator     1.000   1.000   1.000   1.000   1.000   1.000
MetalMach.        1.000   1.000   1.000   1.000   1.000   1.000
MetalProc.        1.000   1.000   1.000   1.000   1.000   1.000
WoodMach.         1.000   1.000   1.000   1.000   1.000   1.000
TextileMach.      1.000   1.000   1.000   1.000   1.000   1.000
PrintMach.        1.000   1.000   1.000   1.000   1.000   1.000
OtherMach.        1.000   1.000   1.000   1.000   1.000   1.000
Fabricators       1.000   1.000   1.000   1.000   1.000   1.000
Prod.Inspectors   1.000   1.000   1.000   1.000   1.000   1.000
MotorVehicle      1.000   1.000   1.000   1.000   1.000   1.000
OtherVehicle      1.000   1.000   1.000   1.000   1.000   1.000
Freight           1.000   1.000   1.000   1.000   1.000   1.000
 
Mean             1.000   1.000   1.000   1.000   1.000   1.000
Std Dev          0.000   0.000   0.000   0.000   0.000   0.000
Mean(weighted)   1.000   1.000   1.000   1.000   1.000   1.000
Std Dev(wghtd)   0.000   0.000   0.000   0.000   0.000   0.000

eta =

    0.1030

 
----------------------
    (1+tauh)^eta      
----------------------
 
                   1940    1950    1960    1970    1980    1990    2000    2010
-------------------------------------------------------------------------------
Home              1.000   1.000   1.000   1.000   1.000   1.000   1.000   1.000
Managers          1.000   1.000   1.000   1.000   1.000   1.000   1.000   1.000
MgmtRelated       1.000   1.000   1.000   1.000   1.000   1.000   1.000   1.000
Architects        1.000   1.000   1.000   1.000   1.000   1.000   1.000   1.000
Engineers         1.000   1.000   1.000   1.000   1.000   1.000   1.000   1.000
Math/CompSci      1.000   1.000   1.000   1.000   1.000   1.000   1.000   1.000
Science           1.000   1.000   1.000   1.000   1.000   1.000   1.000   1.000
Doctors           1.000   1.000   1.000   1.000   1.000   1.000   1.000   1.000
Nurses            1.000   1.000   1.000   1.000   1.000   1.000   1.000   1.000
Therapists        1.000   1.000   1.000   1.000   1.000   1.000   1.000   1.000
Professors        1.000   1.000   1.000   1.000   1.000   1.000   1.000   1.000
Teachers          1.000   1.000   1.000   1.000   1.000   1.000   1.000   1.000
Librarians        1.000   1.000   1.000   1.000   1.000   1.000   1.000   1.000
Soc.Scientists    1.000   1.000   1.000   1.000   1.000   1.000   1.000   1.000
SocialWork        1.000   1.000   1.000   1.000   1.000   1.000   1.000   1.000
Lawyers           1.000   1.000   1.000   1.000   1.000   1.000   1.000   1.000
Arts/Athletes     1.000   1.000   1.000   1.000   1.000   1.000   1.000   1.000
HealthTechs       1.000   1.000   1.000   1.000   1.000   1.000   1.000   1.000
Eng.Techs         1.000   1.000   1.000   1.000   1.000   1.000   1.000   1.000
ScienceTechs      1.000   1.000   1.000   1.000   1.000   1.000   1.000   1.000
OtherTechs        1.000   1.000   1.000   1.000   1.000   1.000   1.000   1.000
Sales             1.000   1.000   1.000   1.000   1.000   1.000   1.000   1.000
Secretaries       1.000   1.000   1.000   1.000   1.000   1.000   1.000   1.000
Info.Clerks       1.000   1.000   1.000   1.000   1.000   1.000   1.000   1.000
Records           1.000   1.000   1.000   1.000   1.000   1.000   1.000   1.000
FinancialClerk    1.000   1.000   1.000   1.000   1.000   1.000   1.000   1.000
OfficeMachine     1.000   1.000   1.000   1.000   1.000   1.000   1.000   1.000
ComputerTech      1.000   1.000   1.000   1.000   1.000   1.000   1.000   1.000
Mail              1.000   1.000   1.000   1.000   1.000   1.000   1.000   1.000
Clerks            1.000   1.000   1.000   1.000   1.000   1.000   1.000   1.000
Insurance         1.000   1.000   1.000   1.000   1.000   1.000   1.000   1.000
Misc.Admin        1.000   1.000   1.000   1.000   1.000   1.000   1.000   1.000
PrivateHshld      1.000   1.000   1.000   1.000   1.000   1.000   1.000   1.000
Firefighting      1.000   1.000   1.000   1.000   1.000   1.000   1.000   1.000
Police            1.000   1.000   1.000   1.000   1.000   1.000   1.000   1.000
Guards            1.000   1.000   1.000   1.000   1.000   1.000   1.000   1.000
FoodPrep          1.000   1.000   1.000   1.000   1.000   1.000   1.000   1.000
HealthService     1.000   1.000   1.000   1.000   1.000   1.000   1.000   1.000
Cleaning          1.000   1.000   1.000   1.000   1.000   1.000   1.000   1.000
PersonalService   1.000   1.000   1.000   1.000   1.000   1.000   1.000   1.000
FarmMgrs          1.000   1.000   1.000   1.000   1.000   1.000   1.000   1.000
FarmWork          1.000   1.000   1.000   1.000   1.000   1.000   1.000   1.000
Agriculture       1.000   1.000   1.000   1.000   1.000   1.000   1.000   1.000
Forest            1.000   1.000   1.000   1.000   1.000   1.000   1.000   1.000
Mechanics         1.000   1.000   1.000   1.000   1.000   1.000   1.000   1.000
Elec.Repairer     1.000   1.000   1.000   1.000   1.000   1.000   1.000   1.000
Misc.Repairer     1.000   1.000   1.000   1.000   1.000   1.000   1.000   1.000
Construction      1.000   1.000   1.000   1.000   1.000   1.000   1.000   1.000
Extractive        1.000   1.000   1.000   1.000   1.000   1.000   1.000   1.000
Supervisor(P)     1.000   1.000   1.000   1.000   1.000   1.000   1.000   1.000
MetalWork         1.000   1.000   1.000   1.000   1.000   1.000   1.000   1.000
WoodWork          1.000   1.000   1.000   1.000   1.000   1.000   1.000   1.000
Textiles          1.000   1.000   1.000   1.000   1.000   1.000   1.000   1.000
Other             1.000   1.000   1.000   1.000   1.000   1.000   1.000   1.000
Food              1.000   1.000   1.000   1.000   1.000   1.000   1.000   1.000
PlantOperator     1.000   1.000   1.000   1.000   1.000   1.000   1.000   1.000
MetalMach.        1.000   1.000   1.000   1.000   1.000   1.000   1.000   1.000
MetalProc.        1.000   1.000   1.000   1.000   1.000   1.000   1.000   1.000
WoodMach.         1.000   1.000   1.000   1.000   1.000   1.000   1.000   1.000
TextileMach.      1.000   1.000   1.000   1.000   1.000   1.000   1.000   1.000
PrintMach.        1.000   1.000   1.000   1.000   1.000   1.000   1.000   1.000
OtherMach.        1.000   1.000   1.000   1.000   1.000   1.000   1.000   1.000
Fabricators       1.000   1.000   1.000   1.000   1.000   1.000   1.000   1.000
Prod.Inspectors   1.000   1.000   1.000   1.000   1.000   1.000   1.000   1.000
MotorVehicle      1.000   1.000   1.000   1.000   1.000   1.000   1.000   1.000
OtherVehicle      1.000   1.000   1.000   1.000   1.000   1.000   1.000   1.000
Freight           1.000   1.000   1.000   1.000   1.000   1.000   1.000   1.000
 
Mean             1.000   1.000   1.000   1.000   1.000   1.000   1.000   1.000
Std Dev          0.000   0.000   0.000   0.000   0.000   0.000   0.000   0.000
Mean(weighted)     NaN     NaN   1.000   1.000   1.000   1.000   1.000   1.000
Std Dev(wghtd)     NaN     NaN   0.000   0.000   0.000   0.000   0.000   0.000
 
--------------------------------------------------
    z -- preference shock by Cohort of birth      
--------------------------------------------------
 
                   1940    1950    1960    1970    1980    1990    2000    2010
-------------------------------------------------------------------------------
Home              1.000   1.000   1.000   1.000   1.000   1.000   1.000   1.000
Managers          1.000   1.000   1.000   1.000   1.000   1.000   1.000   1.000
MgmtRelated       1.000   1.000   1.000   1.000   1.000   1.000   1.000   1.000
Architects        1.000   1.000   1.000   1.000   1.000   1.000   1.000   1.000
Engineers         1.000   1.000   1.000   1.000   1.000   1.000   1.000   1.000
Math/CompSci      1.000   1.000   1.000   1.000   1.000   1.000   1.000   1.000
Science           1.000   1.000   1.000   1.000   1.000   1.000   1.000   1.000
Doctors           1.000   1.000   1.000   1.000   1.000   1.000   1.000   1.000
Nurses            1.000   1.000   1.000   1.000   1.000   1.000   1.000   1.000
Therapists        1.000   1.000   1.000   1.000   1.000   1.000   1.000   1.000
Professors        1.000   1.000   1.000   1.000   1.000   1.000   1.000   1.000
Teachers          1.000   1.000   1.000   1.000   1.000   1.000   1.000   1.000
Librarians        1.000   1.000   1.000   1.000   1.000   1.000   1.000   1.000
Soc.Scientists    1.000   1.000   1.000   1.000   1.000   1.000   1.000   1.000
SocialWork        1.000   1.000   1.000   1.000   1.000   1.000   1.000   1.000
Lawyers           1.000   1.000   1.000   1.000   1.000   1.000   1.000   1.000
Arts/Athletes     1.000   1.000   1.000   1.000   1.000   1.000   1.000   1.000
HealthTechs       1.000   1.000   1.000   1.000   1.000   1.000   1.000   1.000
Eng.Techs         1.000   1.000   1.000   1.000   1.000   1.000   1.000   1.000
ScienceTechs      1.000   1.000   1.000   1.000   1.000   1.000   1.000   1.000
OtherTechs        1.000   1.000   1.000   1.000   1.000   1.000   1.000   1.000
Sales             1.000   1.000   1.000   1.000   1.000   1.000   1.000   1.000
Secretaries       1.000   1.000   1.000   1.000   1.000   1.000   1.000   1.000
Info.Clerks       1.000   1.000   1.000   1.000   1.000   1.000   1.000   1.000
Records           1.000   1.000   1.000   1.000   1.000   1.000   1.000   1.000
FinancialClerk    1.000   1.000   1.000   1.000   1.000   1.000   1.000   1.000
OfficeMachine     1.000   1.000   1.000   1.000   1.000   1.000   1.000   1.000
ComputerTech      1.000   1.000   1.000   1.000   1.000   1.000   1.000   1.000
Mail              1.000   1.000   1.000   1.000   1.000   1.000   1.000   1.000
Clerks            1.000   1.000   1.000   1.000   1.000   1.000   1.000   1.000
Insurance         1.000   1.000   1.000   1.000   1.000   1.000   1.000   1.000
Misc.Admin        1.000   1.000   1.000   1.000   1.000   1.000   1.000   1.000
PrivateHshld      1.000   1.000   1.000   1.000   1.000   1.000   1.000   1.000
Firefighting      1.000   1.000   1.000   1.000   1.000   1.000   1.000   1.000
Police            1.000   1.000   1.000   1.000   1.000   1.000   1.000   1.000
Guards            1.000   1.000   1.000   1.000   1.000   1.000   1.000   1.000
FoodPrep          1.000   1.000   1.000   1.000   1.000   1.000   1.000   1.000
HealthService     1.000   1.000   1.000   1.000   1.000   1.000   1.000   1.000
Cleaning          1.000   1.000   1.000   1.000   1.000   1.000   1.000   1.000
PersonalService   1.000   1.000   1.000   1.000   1.000   1.000   1.000   1.000
FarmMgrs          1.000   1.000   1.000   1.000   1.000   1.000   1.000   1.000
FarmWork          1.000   1.000   1.000   1.000   1.000   1.000   1.000   1.000
Agriculture       1.000   1.000   1.000   1.000   1.000   1.000   1.000   1.000
Forest            1.000   1.000   1.000   1.000   1.000   1.000   1.000   1.000
Mechanics         1.000   1.000   1.000   1.000   1.000   1.000   1.000   1.000
Elec.Repairer     1.000   1.000   1.000   1.000   1.000   1.000   1.000   1.000
Misc.Repairer     1.000   1.000   1.000   1.000   1.000   1.000   1.000   1.000
Construction      1.000   1.000   1.000   1.000   1.000   1.000   1.000   1.000
Extractive        1.000   1.000   1.000   1.000   1.000   1.000   1.000   1.000
Supervisor(P)     1.000   1.000   1.000   1.000   1.000   1.000   1.000   1.000
MetalWork         1.000   1.000   1.000   1.000   1.000   1.000   1.000   1.000
WoodWork          1.000   1.000   1.000   1.000   1.000   1.000   1.000   1.000
Textiles          1.000   1.000   1.000   1.000   1.000   1.000   1.000   1.000
Other             1.000   1.000   1.000   1.000   1.000   1.000   1.000   1.000
Food              1.000   1.000   1.000   1.000   1.000   1.000   1.000   1.000
PlantOperator     1.000   1.000   1.000   1.000   1.000   1.000   1.000   1.000
MetalMach.        1.000   1.000   1.000   1.000   1.000   1.000   1.000   1.000
MetalProc.        1.000   1.000   1.000   1.000   1.000   1.000   1.000   1.000
WoodMach.         1.000   1.000   1.000   1.000   1.000   1.000   1.000   1.000
TextileMach.      1.000   1.000   1.000   1.000   1.000   1.000   1.000   1.000
PrintMach.        1.000   1.000   1.000   1.000   1.000   1.000   1.000   1.000
OtherMach.        1.000   1.000   1.000   1.000   1.000   1.000   1.000   1.000
Fabricators       1.000   1.000   1.000   1.000   1.000   1.000   1.000   1.000
Prod.Inspectors   1.000   1.000   1.000   1.000   1.000   1.000   1.000   1.000
MotorVehicle      1.000   1.000   1.000   1.000   1.000   1.000   1.000   1.000
OtherVehicle      1.000   1.000   1.000   1.000   1.000   1.000   1.000   1.000
Freight           1.000   1.000   1.000   1.000   1.000   1.000   1.000   1.000
 
Mean             1.000   1.000   1.000   1.000   1.000   1.000   1.000   1.000
Std Dev          0.000   0.000   0.000   0.000   0.000   0.000   0.000   0.000
Mean(weighted)     NaN     NaN   1.000   1.000   1.000   1.000   1.000   1.000
Std Dev(wghtd)     NaN     NaN   0.000   0.000   0.000   0.000   0.000   0.000
 
--------------------------------------------------
    TgHome -- Home Productivity by Cohort of birth
--------------------------------------------------
 
                   1940    1950    1960    1970    1980    1990    2000    2010
-------------------------------------------------------------------------------
Home              1.000   1.000   1.000   1.000   1.000   1.000   1.000   1.000
Managers            NaN     NaN   1.096   1.096   1.096   1.096   1.096   1.096
MgmtRelated         NaN     NaN   1.243   1.243   1.243   1.243   1.243   1.243
Architects          NaN     NaN   1.198   1.198   1.198   1.198   1.198   1.198
Engineers           NaN     NaN   1.848   1.848   1.848   1.848   1.848   1.848
Math/CompSci        NaN     NaN   1.550   1.550   1.550   1.550   1.550   1.550
Science             NaN     NaN   1.360   1.360   1.360   1.360   1.360   1.360
Doctors             NaN     NaN   1.344   1.344   1.344   1.344   1.344   1.344
Nurses              NaN     NaN   0.951   0.951   0.951   0.951   0.951   0.951
Therapists          NaN     NaN   1.053   1.053   1.053   1.053   1.053   1.053
Professors          NaN     NaN   0.718   0.718   0.718   0.718   0.718   0.718
Teachers            NaN     NaN   0.398   0.398   0.398   0.398   0.398   0.398
Librarians          NaN     NaN   0.944   0.944   0.944   0.944   0.944   0.944
Soc.Scientists      NaN     NaN   1.376   1.376   1.376   1.376   1.376   1.376
SocialWork          NaN     NaN   0.995   0.995   0.995   0.995   0.995   0.995
Lawyers             NaN     NaN   1.477   1.477   1.477   1.477   1.477   1.477
Arts/Athletes       NaN     NaN   0.899   0.899   0.899   0.899   0.899   0.899
HealthTechs         NaN     NaN   0.913   0.913   0.913   0.913   0.913   0.913
Eng.Techs           NaN     NaN   1.097   1.097   1.097   1.097   1.097   1.097
ScienceTechs        NaN     NaN   1.169   1.169   1.169   1.169   1.169   1.169
OtherTechs          NaN     NaN   1.068   1.068   1.068   1.068   1.068   1.068
Sales               NaN     NaN   0.587   0.587   0.587   0.587   0.587   0.587
Secretaries         NaN     NaN   0.861   0.861   0.861   0.861   0.861   0.861
Info.Clerks         NaN     NaN   0.698   0.698   0.698   0.698   0.698   0.698
Records             NaN     NaN   0.782   0.782   0.782   0.782   0.782   0.782
FinancialClerk      NaN     NaN   0.878   0.878   0.878   0.878   0.878   0.878
OfficeMachine       NaN     NaN   0.728   0.728   0.728   0.728   0.728   0.728
ComputerTech        NaN     NaN   0.823   0.823   0.823   0.823   0.823   0.823
Mail                NaN     NaN   0.703   0.703   0.703   0.703   0.703   0.703
Clerks              NaN     NaN   0.828   0.828   0.828   0.828   0.828   0.828
Insurance           NaN     NaN   0.686   0.686   0.686   0.686   0.686   0.686
Misc.Admin          NaN     NaN   0.787   0.787   0.787   0.787   0.787   0.787
PrivateHshld        NaN     NaN   0.367   0.367   0.367   0.367   0.367   0.367
Firefighting        NaN     NaN   1.279   1.279   1.279   1.279   1.279   1.279
Police              NaN     NaN   1.318   1.318   1.318   1.318   1.318   1.318
Guards              NaN     NaN   0.322   0.322   0.322   0.322   0.322   0.322
FoodPrep            NaN     NaN   0.284   0.284   0.284   0.284   0.284   0.284
HealthService       NaN     NaN   0.622   0.622   0.622   0.622   0.622   0.622
Cleaning            NaN     NaN   0.467   0.467   0.467   0.467   0.467   0.467
PersonalService     NaN     NaN   0.511   0.511   0.511   0.511   0.511   0.511
FarmMgrs            NaN     NaN   0.175   0.175   0.175   0.175   0.175   0.175
FarmWork            NaN     NaN   0.097   0.097   0.097   0.097   0.097   0.097
Agriculture         NaN     NaN   0.048   0.048   0.048   0.048   0.048   0.048
Forest              NaN     NaN   0.657   0.657   0.657   0.657   0.657   0.657
Mechanics           NaN     NaN   1.080   1.080   1.080   1.080   1.080   1.080
Elec.Repairer       NaN     NaN   0.985   0.985   0.985   0.985   0.985   0.985
Misc.Repairer       NaN     NaN   0.810   0.810   0.810   0.810   0.810   0.810
Construction        NaN     NaN   0.799   0.799   0.799   0.799   0.799   0.799
Extractive          NaN     NaN   0.883   0.883   0.883   0.883   0.883   0.883
Supervisor(P)       NaN     NaN   1.125   1.125   1.125   1.125   1.125   1.125
MetalWork           NaN     NaN   0.769   0.769   0.769   0.769   0.769   0.769
WoodWork            NaN     NaN   0.603   0.603   0.603   0.603   0.603   0.603
Textiles            NaN     NaN   0.491   0.491   0.491   0.491   0.491   0.491
Other               NaN     NaN   0.678   0.678   0.678   0.678   0.678   0.678
Food                NaN     NaN   0.559   0.559   0.559   0.559   0.559   0.559
PlantOperator       NaN     NaN   0.868   0.868   0.868   0.868   0.868   0.868
MetalMach.          NaN     NaN   0.534   0.534   0.534   0.534   0.534   0.534
MetalProc.          NaN     NaN   0.471   0.471   0.471   0.471   0.471   0.471
WoodMach.           NaN     NaN   0.636   0.636   0.636   0.636   0.636   0.636
TextileMach.        NaN     NaN   0.644   0.644   0.644   0.644   0.644   0.644
PrintMach.          NaN     NaN   0.470   0.470   0.470   0.470   0.470   0.470
OtherMach.          NaN     NaN   0.623   0.623   0.623   0.623   0.623   0.623
Fabricators         NaN     NaN   0.642   0.642   0.642   0.642   0.642   0.642
Prod.Inspectors     NaN     NaN   0.772   0.772   0.772   0.772   0.772   0.772
MotorVehicle        NaN     NaN   0.553   0.553   0.553   0.553   0.553   0.553
OtherVehicle        NaN     NaN   0.552   0.552   0.552   0.552   0.552   0.552
Freight             NaN     NaN   0.502   0.502   0.502   0.502   0.502   0.502
 
Mean             1.000   1.000   0.810   0.810   0.810   0.810   0.810   0.810
Std Dev          0.000   0.000   0.352   0.352   0.352   0.352   0.352   0.352
Mean(weighted)     NaN     NaN   0.855   0.880   0.894   0.915   0.936   0.931
Std Dev(wghtd)     NaN     NaN   0.342   0.347   0.339   0.340   0.341   0.350
 
--------------------------------------------------
    TgHomeHat -- Home Productivity by Cohort of birth, relative to WM
--------------------------------------------------
 
                   1940    1950    1960    1970    1980    1990    2000    2010
-------------------------------------------------------------------------------
Home              1.000   1.000   1.000   1.000   1.000   1.000   1.000   1.000
Managers            NaN     NaN   1.000   1.000   1.000   1.000   1.000   1.000
MgmtRelated         NaN     NaN   1.000   1.000   1.000   1.000   1.000   1.000
Architects          NaN     NaN   1.000   1.000   1.000   1.000   1.000   1.000
Engineers           NaN     NaN   1.000   1.000   1.000   1.000   1.000   1.000
Math/CompSci        NaN     NaN   1.000   1.000   1.000   1.000   1.000   1.000
Science             NaN     NaN   1.000   1.000   1.000   1.000   1.000   1.000
Doctors             NaN     NaN   1.000   1.000   1.000   1.000   1.000   1.000
Nurses              NaN     NaN   1.000   1.000   1.000   1.000   1.000   1.000
Therapists          NaN     NaN   1.000   1.000   1.000   1.000   1.000   1.000
Professors          NaN     NaN   1.000   1.000   1.000   1.000   1.000   1.000
Teachers            NaN     NaN   1.000   1.000   1.000   1.000   1.000   1.000
Librarians          NaN     NaN   1.000   1.000   1.000   1.000   1.000   1.000
Soc.Scientists      NaN     NaN   1.000   1.000   1.000   1.000   1.000   1.000
SocialWork          NaN     NaN   1.000   1.000   1.000   1.000   1.000   1.000
Lawyers             NaN     NaN   1.000   1.000   1.000   1.000   1.000   1.000
Arts/Athletes       NaN     NaN   1.000   1.000   1.000   1.000   1.000   1.000
HealthTechs         NaN     NaN   1.000   1.000   1.000   1.000   1.000   1.000
Eng.Techs           NaN     NaN   1.000   1.000   1.000   1.000   1.000   1.000
ScienceTechs        NaN     NaN   1.000   1.000   1.000   1.000   1.000   1.000
OtherTechs          NaN     NaN   1.000   1.000   1.000   1.000   1.000   1.000
Sales               NaN     NaN   1.000   1.000   1.000   1.000   1.000   1.000
Secretaries         NaN     NaN   1.000   1.000   1.000   1.000   1.000   1.000
Info.Clerks         NaN     NaN   1.000   1.000   1.000   1.000   1.000   1.000
Records             NaN     NaN   1.000   1.000   1.000   1.000   1.000   1.000
FinancialClerk      NaN     NaN   1.000   1.000   1.000   1.000   1.000   1.000
OfficeMachine       NaN     NaN   1.000   1.000   1.000   1.000   1.000   1.000
ComputerTech        NaN     NaN   1.000   1.000   1.000   1.000   1.000   1.000
Mail                NaN     NaN   1.000   1.000   1.000   1.000   1.000   1.000
Clerks              NaN     NaN   1.000   1.000   1.000   1.000   1.000   1.000
Insurance           NaN     NaN   1.000   1.000   1.000   1.000   1.000   1.000
Misc.Admin          NaN     NaN   1.000   1.000   1.000   1.000   1.000   1.000
PrivateHshld        NaN     NaN   1.000   1.000   1.000   1.000   1.000   1.000
Firefighting        NaN     NaN   1.000   1.000   1.000   1.000   1.000   1.000
Police              NaN     NaN   1.000   1.000   1.000   1.000   1.000   1.000
Guards              NaN     NaN   1.000   1.000   1.000   1.000   1.000   1.000
FoodPrep            NaN     NaN   1.000   1.000   1.000   1.000   1.000   1.000
HealthService       NaN     NaN   1.000   1.000   1.000   1.000   1.000   1.000
Cleaning            NaN     NaN   1.000   1.000   1.000   1.000   1.000   1.000
PersonalService     NaN     NaN   1.000   1.000   1.000   1.000   1.000   1.000
FarmMgrs            NaN     NaN   1.000   1.000   1.000   1.000   1.000   1.000
FarmWork            NaN     NaN   1.000   1.000   1.000   1.000   1.000   1.000
Agriculture         NaN     NaN   1.000   1.000   1.000   1.000   1.000   1.000
Forest              NaN     NaN   1.000   1.000   1.000   1.000   1.000   1.000
Mechanics           NaN     NaN   1.000   1.000   1.000   1.000   1.000   1.000
Elec.Repairer       NaN     NaN   1.000   1.000   1.000   1.000   1.000   1.000
Misc.Repairer       NaN     NaN   1.000   1.000   1.000   1.000   1.000   1.000
Construction        NaN     NaN   1.000   1.000   1.000   1.000   1.000   1.000
Extractive          NaN     NaN   1.000   1.000   1.000   1.000   1.000   1.000
Supervisor(P)       NaN     NaN   1.000   1.000   1.000   1.000   1.000   1.000
MetalWork           NaN     NaN   1.000   1.000   1.000   1.000   1.000   1.000
WoodWork            NaN     NaN   1.000   1.000   1.000   1.000   1.000   1.000
Textiles            NaN     NaN   1.000   1.000   1.000   1.000   1.000   1.000
Other               NaN     NaN   1.000   1.000   1.000   1.000   1.000   1.000
Food                NaN     NaN   1.000   1.000   1.000   1.000   1.000   1.000
PlantOperator       NaN     NaN   1.000   1.000   1.000   1.000   1.000   1.000
MetalMach.          NaN     NaN   1.000   1.000   1.000   1.000   1.000   1.000
MetalProc.          NaN     NaN   1.000   1.000   1.000   1.000   1.000   1.000
WoodMach.           NaN     NaN   1.000   1.000   1.000   1.000   1.000   1.000
TextileMach.        NaN     NaN   1.000   1.000   1.000   1.000   1.000   1.000
PrintMach.          NaN     NaN   1.000   1.000   1.000   1.000   1.000   1.000
OtherMach.          NaN     NaN   1.000   1.000   1.000   1.000   1.000   1.000
Fabricators         NaN     NaN   1.000   1.000   1.000   1.000   1.000   1.000
Prod.Inspectors     NaN     NaN   1.000   1.000   1.000   1.000   1.000   1.000
MotorVehicle        NaN     NaN   1.000   1.000   1.000   1.000   1.000   1.000
OtherVehicle        NaN     NaN   1.000   1.000   1.000   1.000   1.000   1.000
Freight             NaN     NaN   1.000   1.000   1.000   1.000   1.000   1.000
 
Mean             1.000   1.000   1.000   1.000   1.000   1.000   1.000   1.000
Std Dev          0.000   0.000   0.000   0.000   0.000   0.000   0.000   0.000
Mean(weighted)     NaN     NaN   1.000   1.000   1.000   1.000   1.000   1.000
Std Dev(wghtd)     NaN     NaN   0.000   0.000   0.000   0.000   0.000   0.000
MATLAB has experienced a low-level graphics error, and may not have drawn correctly.
Read about what you can do to prevent this issue at <a href="matlab:opengl('problems')">Resolving Low-Level Graphics Issues</a> then restart MATLAB.
To share details of this issue with MathWorks technical support,
please include <a href="file:C:\Users\account1\AppData\Local\Temp\jogl.ex.5048">this file</a> with your service request.
{Error using <a href="matlab:matlab.internal.language.introspective.errorDocCallback('alternatePrintPath>printSetup', 'C:\Program Files\MATLAB\R2015b\toolbox\matlab\graphics\private\alternatePrintPath.p', 229)" style="font-weight:bold">alternatePrintPath>printSetup</a> (<a href="matlab: opentoline('C:\Program Files\MATLAB\R2015b\toolbox\matlab\graphics\private\alternatePrintPath.p',229,0)">line 229</a>)
Java exception occurred:
com.mathworks.hg.util.OutputHelperProcessingException: Problem while
processing in an OutputHelper. null

	at
    com.mathworks.hg.util.HGGetframeOutputHelper.generateOutput(HGGetframeOutputHelper.java:218)
    
	at
    com.mathworks.hg.util.HGGetframeOutputHelper$BufferedImageGrabber.grabOnEDT(HGGetframeOutputHelper.java:363)
    
	at
    com.mathworks.hg.util.HGGetframeOutputHelper$BufferedImageGrabber.access$300(HGGetframeOutputHelper.java:344)
    
	at
    com.mathworks.hg.util.HGGetframeOutputHelper$BufferedImageGrabber$1.run(HGGetframeOutputHelper.java:380)
    
	at
    com.mathworks.jmi.AWTUtilities$Invoker$5$1.run(AWTUtilities.java:591)
    
	at
    com.mathworks.mvm.context.ThreadContext$1.call(ThreadContext.java:76)
    
	at
    com.mathworks.mvm.context.ThreadContext.callWithContext(ThreadContext.java:105)
    
	at
    com.mathworks.mvm.context.ThreadContext.runWithContext(ThreadContext.java:73)
    
	at
    com.mathworks.mvm.context.MvmContext.runWithContext(MvmContext.java:107)
    
	at
    com.mathworks.jmi.AWTUtilities$Invoker$5.runWithOutput(AWTUtilities.java:588)
    
	at
    com.mathworks.jmi.AWTUtilities$Invoker$2.watchedRun(AWTUtilities.java:475)
    
	at
    com.mathworks.jmi.AWTUtilities$WatchedRunnable.run(AWTUtilities.java:436)
    
	at
    com.mathworks.jmi.AWTUtilities$Invoker.invoke(AWTUtilities.java:490)
    
	at
    com.mathworks.jmi.AWTUtilities.invokeAndWait(AWTUtilities.java:304)
    
	at
    com.mathworks.hg.util.HGGetframeOutputHelper$BufferedImageGrabber.grab(HGGetframeOutputHelper.java:377)
    
	at
    com.mathworks.hg.util.HGGetframeOutputHelper$BufferedImageGrabber.getBufferedImage(HGGetframeOutputHelper.java:356)
    
	at
    com.mathworks.hg.peer.FigureClientProxyPanel.setPaintDisabled(FigureClientProxyPanel.java:66)
    
	at
    com.mathworks.hg.peer.PaintDisabled.setPaintDisabled(PaintDisabled.java:60)
    
	at
    com.mathworks.hg.peer.HeavyweightLightweightContainerFactory$FigurePanelContainerLight.disablePaint(HeavyweightLightweightContainerFactory.java:326)
    
	at
    com.mathworks.hg.peer.HeavyweightLightweightContainerFactory$FigurePanelContainerLight.doSetPaintDisabled(HeavyweightLightweightContainerFactory.java:363)
    
	at
    com.mathworks.hg.peer.HeavyweightLightweightContainerFactory$FigurePanelContainerLight.setPaintDisabled(HeavyweightLightweightContainerFactory.java:387)
    
	at sun.reflect.NativeMethodAccessorImpl.invoke0(Native Method)

	at sun.reflect.NativeMethodAccessorImpl.invoke(Unknown Source)

	at sun.reflect.DelegatingMethodAccessorImpl.invoke(Unknown
    Source)

	at java.lang.reflect.Method.invoke(Unknown Source)

	at
    com.mathworks.jmi.AWTUtilities$Invoker$3$1.call(AWTUtilities.java:525)
    
	at
    com.mathworks.mvm.context.ThreadContext.callWithContext(ThreadContext.java:105)
    
	at
    com.mathworks.mvm.context.MvmContext.callWithContext(MvmContext.java:113)
    
	at
    com.mathworks.jmi.AWTUtilities$Invoker$3.runWithOutput(AWTUtilities.java:522)
    
	at
    com.mathworks.jmi.AWTUtilities$Invoker$2.watchedRun(AWTUtilities.java:475)
    
	at
    com.mathworks.jmi.AWTUtilities$WatchedRunnable.run(AWTUtilities.java:436)
    
	at java.awt.event.InvocationEvent.dispatch(Unknown Source)

	at java.awt.EventQueue.dispatchEventImpl(Unknown Source)

	at java.awt.EventQueue.access$200(Unknown Source)

	at java.awt.EventQueue$3.run(Unknown Source)

	at java.awt.EventQueue$3.run(Unknown Source)

	at java.security.AccessController.doPrivileged(Native Method)

	at
    java.security.ProtectionDomain$1.doIntersectionPrivilege(Unknown
    Source)

	at java.awt.EventQueue.dispatchEvent(Unknown Source)

	at java.awt.EventDispatchThread.pumpOneEventForFilters(Unknown
    Source)

	at java.awt.EventDispatchThread.pumpEventsForFilter(Unknown
    Source)

	at java.awt.EventDispatchThread.pumpEventsForHierarchy(Unknown
    Source)

	at java.awt.EventDispatchThread.pumpEvents(Unknown Source)

	at java.awt.EventDispatchThread.pumpEvents(Unknown Source)

	at java.awt.EventDispatchThread.run(Unknown Source)

Caused by: java.lang.NullPointerException

	at
    com.jogamp.opengl.GLEventListenerState.moveFrom(GLEventListenerState.java:222)
    
	at
    com.jogamp.opengl.util.GLDrawableUtil.swapGLContextAndAllGLEventListener(GLDrawableUtil.java:230)
    
	at javax.media.opengl.awt.GLJPanel$5.run(GLJPanel.java:820)

	at
    com.jogamp.common.util.awt.AWTEDTExecutor.invoke(AWTEDTExecutor.java:88)
    
	at
    javax.media.opengl.awt.GLJPanel.releasePrint(GLJPanel.java:805)

	at
    com.mathworks.hg.peer.JavaSceneServerGLJPanel.releasePrint(JavaSceneServerGLJPanel.java:79)
    
	at
    com.jogamp.nativewindow.awt.AWTPrintLifecycle$Context$2.run(AWTPrintLifecycle.java:159)
    
	at
    jogamp.nativewindow.awt.AWTMisc.performAction(AWTMisc.java:136)

	at
    jogamp.nativewindow.awt.AWTMisc.performAction(AWTMisc.java:128)

	at
    jogamp.nativewindow.awt.AWTMisc.performAction(AWTMisc.java:128)

	at
    com.jogamp.nativewindow.awt.AWTPrintLifecycle$Context.releasePrint(AWTPrintLifecycle.java:135)
    
	at
    com.mathworks.hg.util.OutputHelper.postPrint(OutputHelper.java:203)
    
	at
    com.mathworks.hg.util.HGGetframeOutputHelper$1.run(HGGetframeOutputHelper.java:199)
    
	at
    com.mathworks.jmi.AWTUtilities$Invoker$5$1.run(AWTUtilities.java:591)
    
	at
    com.mathworks.mvm.context.ThreadContext$1.call(ThreadContext.java:76)
    
	at
    com.mathworks.mvm.context.ThreadContext.callWithContext(ThreadContext.java:105)
    
	at
    com.mathworks.mvm.context.ThreadContext.runWithContext(ThreadContext.java:73)
    
	at
    com.mathworks.mvm.context.MvmContext.runWithContext(MvmContext.java:107)
    
	at
    com.mathworks.jmi.AWTUtilities$Invoker$5.runWithOutput(AWTUtilities.java:588)
    
	at
    com.mathworks.jmi.AWTUtilities$Invoker$2.watchedRun(AWTUtilities.java:475)
    
	at
    com.mathworks.jmi.AWTUtilities$WatchedRunnable.run(AWTUtilities.java:436)
    
	at
    com.mathworks.jmi.AWTUtilities$Invoker.invoke(AWTUtilities.java:490)
    
	at
    com.mathworks.jmi.AWTUtilities.invokeAndWait(AWTUtilities.java:304)
    
	at
    com.mathworks.hg.util.HGGetframeOutputHelper.generateOutput(HGGetframeOutputHelper.java:206)
    
	... 44 more


Error in <a href="matlab:matlab.internal.language.introspective.errorDocCallback('alternatePrintPath', 'C:\Program Files\MATLAB\R2015b\toolbox\matlab\graphics\private\alternatePrintPath.p', 89)" style="font-weight:bold">alternatePrintPath</a> (<a href="matlab: opentoline('C:\Program Files\MATLAB\R2015b\toolbox\matlab\graphics\private\alternatePrintPath.p',89,0)">line 89</a>)
    [pj, pt, setupComplete] = printSetup(pj);

Error in <a href="matlab:matlab.internal.language.introspective.errorDocCallback('print', 'C:\Program Files\MATLAB\R2015b\toolbox\matlab\graphics\print.m', 212)" style="font-weight:bold">print</a> (<a href="matlab: opentoline('C:\Program Files\MATLAB\R2015b\toolbox\matlab\graphics\print.m',212,0)">line 212</a>)
    pj = alternatePrintPath(pj);

Error in <a href="matlab:matlab.internal.language.introspective.errorDocCallback('CleanandShowTauAZ', 'C:\Users\account1\Google Drive\1AAA-RA\11HHJK(Original_Chad)\HHJK\TalentZiho-2016-08-17\CleanandShowTauAZ.m', 175)" style="font-weight:bold">CleanandShowTauAZ</a> (<a href="matlab: opentoline('C:\Users\account1\Google Drive\1AAA-RA\11HHJK(Original_Chad)\HHJK\TalentZiho-2016-08-17\CleanandShowTauAZ.m',175,0)">line 175</a>)
        print('-dpsc','-append',fnamegraphs);

Error in <a href="matlab:matlab.internal.language.introspective.errorDocCallback('MasterProgram', 'C:\Users\account1\Google Drive\1AAA-RA\11HHJK(Original_Chad)\HHJK\TalentZiho-2016-08-17\MasterProgram.m', 20)" style="font-weight:bold">MasterProgram</a> (<a href="matlab: opentoline('C:\Users\account1\Google Drive\1AAA-RA\11HHJK(Original_Chad)\HHJK\TalentZiho-2016-08-17\MasterProgram.m',20,0)">line 20</a>)
CleanandShowTauAZ
} 
MasterProgram

phiFarm =

    0.9984
    1.1759
    1.3030
    1.4251
    1.4463
    1.3774

