ReadCohortDataWW_TauWWisZero                 19-Aug-2016 
 
  <strong>ReadCohortDataWW</strong>  
 
   This is a copy (on 8/17/16) of ReadCohortData.m. It switches
   the data for WM and WW so that all subsequent programs can be run
   to test the robustness of assuming tau(WW)=0 instead of taum(WM)=0.

 
=============================================================
KEY PARAMETER VALUES:    CaseName = TauWWisZero
             theta =  2.1200
               eta =  0.1030
      theta*(1-eta)=  1.9016
                mu =  0.5259
             sigma =  3.0000
      LFPMinFactor =  0.5000
     ConstrainTauH = -0.8000
     NumHomeDraws  =      100000
 OccupationtoIdentifyPhi = 42 Farm Work                                 
         phi(Farm) =  0.0117 0.3602 0.6408 0.5100 0.5606 0.6170 
   WeightPigMiddle =  0.2500
 
********************************************************
NOTE WELL: WW and WM are *swtiched* in everything that follows
   in order to check robustness to assuming tau(WW)=0 as our
   normalization
********************************************************
 
=============================================================
 

fname =

chad_output_file_2016_07_25.csv


Noccs =

    67


Ngroups =

     4


Ncohorts =

     8

Putting earnings / wage in $2009 constant using PCE Deflator
Something missing in c=6, i=34, g=1
Something missing in c=6, i=34, g=1
Something missing in c=6, i=34, g=1
Something missing in c=6, i=34, g=1
Something missing in c=6, i=34, g=1
Something missing in c=6, i=34, g=1
Something missing in c=6, i=44, g=1
Something missing in c=6, i=44, g=1
Something missing in c=6, i=44, g=1
Something missing in c=6, i=44, g=1
Something missing in c=6, i=49, g=1
Something missing in c=6, i=49, g=1
Something missing in c=6, i=49, g=1
Something missing in c=6, i=49, g=1
Something missing in c=6, i=52, g=1
Something missing in c=6, i=52, g=1
Something missing in c=6, i=52, g=1
Something missing in c=6, i=52, g=1
Something missing in c=6, i=59, g=1
Something missing in c=6, i=59, g=1
Something missing in c=6, i=59, g=1
Something missing in c=6, i=59, g=1
Something missing in c=6, i=34, g=1
Something missing in c=6, i=34, g=1
Something missing in c=6, i=34, g=1
Something missing in c=6, i=34, g=1
Something missing in c=6, i=34, g=1
Something missing in c=6, i=34, g=1
 
Education of Young WM
 
                   1960    1970    1980    1990    2000    2010
---------------------------------------------------------------
Home            11.3234 11.9277 12.5092 12.6445 12.8415 12.9304
Managers        12.1469 13.3807 14.2841 14.2567 14.8877 15.2460
MgmtRelated     13.8183 13.0140 14.1195 14.4235 14.7020 15.3752
Architects      18.0034 17.0000 17.2597 16.3977 16.8600 16.9708
Engineers       15.7875 13.7143 15.1620 15.9271 16.1833 16.7266
Math/CompSci    14.3066 14.6871 15.4917 15.3399 15.1664 15.5321
Science         16.3276 16.7769 16.7593 16.5967 17.4242 17.5734
Doctors         17.4000 17.6538 17.9834 18.5161 18.8766 18.8569
Nurses          13.8318 14.2065 15.3832 15.1806 15.4103 15.6950
Therapists      15.9729 16.0732 16.4285 16.2077 16.6938 17.3236
Professors      18.2246 17.8753 17.9908 17.5262 17.3809 17.8645
Teachers        16.2193 16.5536 17.0809 16.1991 16.2181 16.6808
Librarians      16.2770 16.5805 17.2352 16.4787 17.5200 17.8664
Soc.Scientists  16.7939 17.0909 17.2181 16.8335 17.4642 17.0999
SocialWork      15.8521 15.9687 16.2561 15.9410 16.0676 16.3148
Lawyers         18.2309 17.9851 18.2361 18.5635 18.8126 18.8141
Arts/Athletes   15.4099 14.4354 15.2775 14.8924 15.2654 15.5698
HealthTechs     12.5621 13.3264 13.8788 13.9365 13.9437 14.0267
Eng.Techs       13.0011 13.0222 13.8647 14.1368 14.3656 15.0577
ScienceTechs    12.8578 13.8571 14.1524 14.3366 14.6891 15.0023
OtherTechs      13.1303 14.4377 14.9121 14.6992 14.8500 15.0566
Sales           11.2431 11.6504 13.0716 13.3592 13.4635 13.7130
Secretaries     12.3832 12.4783 12.9113 13.0164 13.2335 13.7989
Info.Clerks     12.2561 12.4641 13.0074 13.0967 13.0222 13.3406
Records         11.9552 12.9718 13.0013 13.1593 13.3506 13.9997
FinancialClerk  12.0032 12.1742 12.8225 12.9683 13.0215 13.4104
OfficeMachine   11.7158 11.5800 12.2460 12.4656 12.7024 13.0668
ComputerTech    11.5351 12.0020 12.8083 13.0165 13.1085 13.5268
Mail            12.2862 11.9492 12.6842 12.7847 12.5580 12.7701
Clerks          10.9917 11.6285 12.6142 12.8282 12.8343 13.1214
Insurance       12.4406 12.6940 13.5237 13.3847 13.3743 13.7111
Misc.Admin      11.9796 12.0637 12.8801 13.0631 13.2483 13.7637
PrivateHshld     9.7902 10.5101 10.6902 11.2282 11.1448 11.1287
Firefighting    11.0000 11.0000 13.5574 13.6194 13.6630 14.1590
Police          12.3248 12.3607 14.1277 13.6633 13.9809 14.6379
Guards          11.0000 10.6571 12.8176 13.1804 13.2189 13.4818
FoodPrep        10.0693 10.7617 11.9961 12.2578 12.3286 12.6880
HealthService   10.6438 11.3897 12.3944 12.6170 12.6726 12.9305
Cleaning        10.1677  9.6600 11.2448 11.6066 11.4566 11.4833
PersonalService 10.5047 10.7143 12.5744 12.8930 13.1227 13.4383
FarmMgrs        10.9428 11.2574 12.9988 12.9608 13.1671 13.4411
FarmWork         9.5837  9.9813 11.1706 11.5816 11.2731 10.8066
Agriculture      8.6167 11.3438 12.5020 12.3827 12.5746 12.7150
Forest          11.0000  9.0000 13.2130 12.3786 12.3904 14.4268
Mechanics       10.5712 10.8354 12.0814 12.5938 12.6666 13.0066
Elec.Repairer   11.8255 11.9429 12.5594 13.3017 13.3358 13.8507
Misc.Repairer   10.7485 10.8594 12.4864 12.8313 12.8554 13.3430
Construction    11.4894 10.5341 12.4588 12.5402 12.1806 12.4121
Extractive      10.5025 11.5000 12.1460 12.3552 12.3907 13.4543
Supervisor(P)   10.7149 11.6202 12.5862 12.7908 13.0940 13.5723
MetalWork       10.8123 11.0241 11.8149 12.2627 12.1177 12.3805
WoodWork        12.0000 10.8182 11.4639 12.1489 11.8474 11.8562
Textiles         9.6223 10.1793 11.6712 12.1358 12.3141 12.6699
Other            9.2243 11.3333 12.1554 12.5648 13.1650 13.5004
Food            10.6122 10.5047 11.3933 12.0499 11.7624 12.2121
PlantOperator   10.9311 11.6667 13.3292 13.3724 13.3703 13.7380
MetalMach.      10.7749 10.2949 11.2328 11.8776 11.9136 12.2911
MetalProc.       9.6689 10.8333 11.4247 11.8726 11.5826 11.8382
WoodMach.        9.7500 10.8125 11.0022 11.6637 11.8040 11.4529
TextileMach.    10.9424 11.8940 12.6228 12.7871 12.5158 12.9595
PrintMach.       9.3317 10.0978 10.4995 11.2084 11.1499 11.0604
OtherMach.       9.7917 10.1704 11.1487 11.7995 11.8296 11.9411
Fabricators     10.0814 10.7325 11.2680 11.7358 11.8987 11.9633
Prod.Inspectors 10.2154 10.7783 11.4692 11.9237 12.4121 13.0318
MotorVehicle    10.7421 10.8178 11.9957 12.2371 12.2427 12.5230
OtherVehicle    10.7660  9.8039 11.7325 12.6228 12.5274 13.1116
Freight         10.2454 10.4970 11.2606 11.8437 11.6084 11.6989
 
 
OccupationtoIdentifyPhi = 42 Farm Work                                 

PhiKeyOcc =

    0.0117    0.3602    0.6408    0.5100    0.5606    0.6170

Total earnings per person
 
  Decade    Earnings
--------------------
    1960       14718
    1970       20802
    1980       22153
    1990       28281
    2000       33888
    2010       37036
 
Average growth rates of Earnings
---------------------------
  1960 1970   0.0346
  1970 1980   0.0063
  1980 1990   0.0244
  1990 2000   0.0181
  2000 2010   0.0089
  1960 2010   0.0185
 
Earnings of Young: Per total population and Per person
 
    Year PerTotalPop    PerYoung   Young/Pop
--------------------------------------------
    1960        4255       12762        33.3
    1970        6174       17902        34.5
    1980        8138       19066        42.7
    1990        9213       23194        39.7
    2000        8016       26309        30.5
    2010        8616       27586        31.2
 
 
Note Well: These tauhat plots ignore the Tbar ratio...
 
===========================================================
Fixing tauhat_y missing values --> tauhat_y_cleaned (just for robustness cases)
 -- Use first non-missing value
 
===========================================================
 
*********************
White Women
*********************
 
 
*********************
Black Men
*********************
 
tauhat_y_cleaned Architects     NaN  0.4293  0.6835  0.8369  0.8781  1.2418
tauhat_y_cleaned Architects  0.4293  0.4293  0.6835  0.8369  0.8781  1.2418
tauhat_y_cleaned Librarians     NaN  1.0409  1.4428  1.9896  2.9862  2.4671
tauhat_y_cleaned Librarians  1.0409  1.0409  1.4428  1.9896  2.9862  2.4671
 
*********************
Black Women
*********************
 
tauhat_y_cleaned Architects     NaN     NaN  1.7954  2.5632  2.4243  1.2117
tauhat_y_cleaned Architects  1.7954  1.7954  1.7954  2.5632  2.4243  1.2117
tauhat_y_cleaned Engineers     NaN     NaN  1.1431  1.4124  1.1357  1.2475
tauhat_y_cleaned Engineers  1.1431  1.1431  1.1431  1.4124  1.1357  1.2475
tauhat_y_cleaned Math/CompSci     NaN  1.7318  1.1819  1.3408  1.2153  1.0698
tauhat_y_cleaned Math/CompSci  1.7318  1.7318  1.1819  1.3408  1.2153  1.0698
tauhat_y_cleaned Science     NaN  1.2473  1.4272  1.4893  1.7625  1.5313
tauhat_y_cleaned Science  1.2473  1.2473  1.4272  1.4893  1.7625  1.5313
tauhat_y_cleaned Eng.Techs     NaN  1.2310  1.0157  1.4294  1.2081  1.1951
tauhat_y_cleaned Eng.Techs  1.2310  1.2310  1.0157  1.4294  1.2081  1.1951
tauhat_y_cleaned OtherTechs     NaN  1.0423  1.0738  1.2879  1.1775  1.1225
tauhat_y_cleaned OtherTechs  1.0423  1.0423  1.0738  1.2879  1.1775  1.1225
tauhat_y_cleaned Firefighting     NaN     NaN  1.0413  1.2731  1.2563  2.1625
tauhat_y_cleaned Firefighting  1.0413  1.0413  1.0413  1.2731  1.2563  2.1625
tauhat_y_cleaned Police     NaN  1.0563  0.7726  0.6272  0.6820  0.7624
tauhat_y_cleaned Police  1.0563  1.0563  0.7726  0.6272  0.6820  0.7624
tauhat_y_cleaned FarmMgrs  2.4250  1.0045  4.3141  6.2950     NaN  2.8960
tauhat_y_cleaned FarmMgrs  2.4250  1.0045  4.3141  6.2950  4.5955  2.8960
tauhat_y_cleaned Forest     NaN  0.6178  0.9607  0.9942  1.1108     NaN
tauhat_y_cleaned Forest  0.6178  0.6178  0.9607  0.9942  1.1108  1.1108
tauhat_y_cleaned Mechanics     NaN  2.4967  0.9228  1.1926  1.0441  1.0403
tauhat_y_cleaned Mechanics  2.4967  2.4967  0.9228  1.1926  1.0441  1.0403
tauhat_y_cleaned Elec.Repairer     NaN  2.3069  0.8688  1.0111  0.8059  1.0623
tauhat_y_cleaned Elec.Repairer  2.3069  2.3069  0.8688  1.0111  0.8059  1.0623
tauhat_y_cleaned Extractive     NaN  0.8503  1.5859  0.8705     NaN  1.0204
tauhat_y_cleaned Extractive  0.8503  0.8503  1.5859  0.8705  0.9455  1.0204
tauhat_y_cleaned MetalWork     NaN  1.4492  0.8233  0.8113  0.8537  1.0617
tauhat_y_cleaned MetalWork  1.4492  1.4492  0.8233  0.8113  0.8537  1.0617
tauhat_y_cleaned WoodWork     NaN  1.1011  1.0125  1.5258  1.0689  1.5658
tauhat_y_cleaned WoodWork  1.1011  1.1011  1.0125  1.5258  1.0689  1.5658
tauhat_y_cleaned PlantOperator     NaN     NaN  1.0313  1.5591  1.9201  1.4055
tauhat_y_cleaned PlantOperator  1.0313  1.0313  1.0313  1.5591  1.9201  1.4055
tauhat_y_cleaned MetalMach.     NaN  0.7018  0.7773  1.1000  1.2422  1.6240
tauhat_y_cleaned MetalMach.  0.7018  0.7018  0.7773  1.1000  1.2422  1.6240
tauhat_y_cleaned MetalProc.     NaN  1.3748  0.8124  1.0188  0.8028  0.9868
tauhat_y_cleaned MetalProc.  1.3748  1.3748  0.8124  1.0188  0.8028  0.9868
tauhat_y_cleaned WoodMach.     NaN  1.4938  0.8217  1.1496  0.8954  0.6110
tauhat_y_cleaned WoodMach.  1.4938  1.4938  0.8217  1.1496  0.8954  0.6110
tauhat_y_cleaned TextileMach.     NaN  0.8615  1.3047  1.3543  1.1251  0.8091
tauhat_y_cleaned TextileMach.  0.8615  0.8615  1.3047  1.3543  1.1251  0.8091
White Women
 
                1960    1970    1980    1990    2000    2010
------------------------------------------------------------
Doctors        0.093   0.220   0.228   0.414   0.574   0.796
Lawyers        0.084   0.163   0.314   0.558   0.672   0.754
Secretaries    2.556   2.789   5.048   5.973   3.216   2.833
Construction   0.057   0.093   0.090   0.133   0.138   0.134
Teachers       0.333   0.482   0.677   0.997   1.238   1.501
Black Men
 
                1960    1970    1980    1990    2000    2010
------------------------------------------------------------
Doctors        0.468   1.270   0.572   0.871   1.233   1.476
Lawyers        0.354   0.881   0.686   1.384   1.476   1.742
Secretaries    3.767   3.156   5.246   4.812   3.466   2.833
Construction   0.148   0.151   0.153   0.248   0.262   0.255
Teachers       0.645   0.695   0.966   1.183   1.267   1.706
Black Women
 
                1960    1970    1980    1990    2000    2010
------------------------------------------------------------
Doctors        2.261   2.799   1.164   1.380   1.668   1.559
Lawyers        0.751   0.605   1.305   1.643   1.480   1.519
Secretaries    1.744   1.301   1.008   1.039   1.116   1.083
Construction   0.630   2.346   0.869   1.054   1.332   1.059
Teachers       0.780   0.872   0.951   1.009   1.076   1.215
 
Stdev of log(relp) across occupations
 
  Year      WM      WW      BM      BW
--------------------------------------
  1960   0.000   1.978   2.174   2.244
  1970   0.000   1.758   1.726   1.489
  1980   0.000   1.631   1.578   0.515
  1990   0.000   1.566   1.457   0.533
  2000   0.000   1.480   1.399   0.532
  2010   0.000   1.503   1.414   0.563
 
Stdev of log(Wage Gap) across occupations
 
  Year      WM      WW      BM      BW
--------------------------------------
  1960   0.000   0.374   0.346   0.275
  1970   0.000   0.319   0.375   0.341
  1980   0.000   0.180   0.162   0.128
  1990   0.000   0.149   0.142   0.128
  2000   0.000   0.124   0.124   0.135
  2010   0.000   0.113   0.109   0.153
